<?xml version="1.0" encoding="UTF-8"?>
<testng-results ignored="0" total="1" passed="0" failed="1" skipped="0">
  <reporter-output>
  </reporter-output>
  <suite started-at="2022-12-28T12:54:33 IST" name="Default suite" finished-at="2022-12-28T12:55:02 IST" duration-ms="28734">
    <groups>
    </groups>
    <test started-at="2022-12-28T12:54:33 IST" name="Default test" finished-at="2022-12-28T12:55:02 IST" duration-ms="28734">
      <class name="scripts.Testcase1">
        <test-method is-config="true" signature="openApp()[pri:0, instance:scripts.Testcase1@212b5695]" started-at="2022-12-28T12:54:33 IST" name="openApp" finished-at="2022-12-28T12:54:47 IST" duration-ms="14038" status="PASS">
          <reporter-output>
          </reporter-output>
        </test-method> <!-- openApp -->
        <test-method signature="tc1()[pri:0, instance:scripts.Testcase1@212b5695]" started-at="2022-12-28T12:54:47 IST" name="tc1" finished-at="2022-12-28T12:54:59 IST" duration-ms="11776" status="FAIL">
          <exception class="java.lang.NullPointerException">
            <full-stacktrace>
              <![CDATA[java.lang.NullPointerException
at java.base/java.util.Objects.requireNonNull(Objects.java:208)
at org.openqa.selenium.interactions.PointerInput$Origin.fromElement(PointerInput.java:222)
at org.openqa.selenium.interactions.Actions.moveInTicks(Actions.java:416)
at org.openqa.selenium.interactions.Actions.doubleClick(Actions.java:361)
at genericLib.WebDriverutilies.doubleClick(WebDriverutilies.java:27)
at scripts.Testcase1.tc1(Testcase1.java:28)
at java.base/jdk.internal.reflect.NativeMethodAccessorImpl.invoke0(Native Method)
at java.base/jdk.internal.reflect.NativeMethodAccessorImpl.invoke(NativeMethodAccessorImpl.java:77)
at java.base/jdk.internal.reflect.DelegatingMethodAccessorImpl.invoke(DelegatingMethodAccessorImpl.java:43)
at java.base/java.lang.reflect.Method.invoke(Method.java:568)
at org.testng.internal.MethodInvocationHelper.invokeMethod(MethodInvocationHelper.java:133)
at org.testng.internal.TestInvoker.invokeMethod(TestInvoker.java:598)
at org.testng.internal.TestInvoker.invokeTestMethod(TestInvoker.java:173)
at org.testng.internal.MethodRunner.runInSequence(MethodRunner.java:46)
at org.testng.internal.TestInvoker$MethodInvocationAgent.invoke(TestInvoker.java:824)
at org.testng.internal.TestInvoker.invokeTestMethods(TestInvoker.java:146)
at org.testng.internal.TestMethodWorker.invokeTestMethods(TestMethodWorker.java:146)
at org.testng.internal.TestMethodWorker.run(TestMethodWorker.java:128)
at java.base/java.util.ArrayList.forEach(ArrayList.java:1511)
at org.testng.TestRunner.privateRun(TestRunner.java:794)
at org.testng.TestRunner.run(TestRunner.java:596)
at org.testng.SuiteRunner.runTest(SuiteRunner.java:377)
at org.testng.SuiteRunner.runSequentially(SuiteRunner.java:371)
at org.testng.SuiteRunner.privateRun(SuiteRunner.java:332)
at org.testng.SuiteRunner.run(SuiteRunner.java:276)
at org.testng.SuiteRunnerWorker.runSuite(SuiteRunnerWorker.java:53)
at org.testng.SuiteRunnerWorker.run(SuiteRunnerWorker.java:96)
at org.testng.TestNG.runSuitesSequentially(TestNG.java:1212)
at org.testng.TestNG.runSuitesLocally(TestNG.java:1134)
at org.testng.TestNG.runSuites(TestNG.java:1063)
at org.testng.TestNG.run(TestNG.java:1031)
at org.testng.remote.AbstractRemoteTestNG.run(AbstractRemoteTestNG.java:115)
at org.testng.remote.RemoteTestNG.initAndRun(RemoteTestNG.java:251)
at org.testng.remote.RemoteTestNG.main(RemoteTestNG.java:77)
]]>
            </full-stacktrace>
          </exception> <!-- java.lang.NullPointerException -->
          <reporter-output>
          </reporter-output>
        </test-method> <!-- tc1 -->
        <test-method is-config="true" signature="closeApp(org.testng.ITestResult)[pri:0, instance:scripts.Testcase1@212b5695]" started-at="2022-12-28T12:54:59 IST" name="closeApp" finished-at="2022-12-28T12:55:02 IST" duration-ms="2756" status="PASS">
          <params>
            <param index="0">
              <value>
                <![CDATA[[TestResult name=tc1 status=FAILURE method=Testcase1.tc1()[pri:0, instance:scripts.Testcase1@212b5695] output={null}]]]>
              </value>
            </param>
          </params>
          <reporter-output>
          </reporter-output>
        </test-method> <!-- closeApp -->
      </class> <!-- scripts.Testcase1 -->
    </test> <!-- Default test -->
  </suite> <!-- Default suite -->
</testng-results>
